SF:/Users/spencercornish-personal/Team2/Monopoly/lib/src/components/app/app.dart
DA:8,0
DA:9,0
DA:10,0
DA:13,0
DA:17,0
DA:18,0
DA:19,0
end_of_record
SF:/Users/spencercornish-personal/Team2/Monopoly/lib/src/components/tiles/tile.dart
DA:13,3
DA:16,0
DA:17,0
DA:18,0
DA:21,0
end_of_record
SF:/Users/spencercornish-personal/Team2/Monopoly/lib/src/components/tiles/property.dart
DA:18,1
DA:21,0
DA:22,0
DA:23,0
DA:24,0
DA:25,0
DA:26,0
DA:27,0
DA:28,0
end_of_record
SF:/Users/spencercornish-personal/Team2/Monopoly/lib/src/components/tiles/railroad.dart
DA:19,1
DA:22,0
DA:24,0
DA:26,0
DA:28,0
DA:30,0
DA:34,0
DA:35,0
DA:36,0
DA:38,0
DA:40,0
DA:44,0
end_of_record
SF:/Users/spencercornish-personal/Team2/Monopoly/lib/src/components/tiles/utility.dart
DA:13,1
DA:16,0
DA:17,0
DA:18,0
DA:19,0
DA:26,0
DA:27,0
DA:28,0
DA:29,0
DA:31,0
DA:34,0
end_of_record
