SF:/Users/spencercornish-personal/school/Team2/Monopoly/lib/src/components/board/board.dart
DA:11,1
DA:12,2
DA:14,5
DA:15,4
DA:16,5
DA:18,8
DA:19,8
DA:21,1
DA:22,2
DA:24,1
DA:25,1
DA:26,3
DA:28,2
DA:30,1
DA:31,10
DA:32,1
DA:34,3
DA:35,2
DA:37,1
DA:38,3
DA:39,11
DA:40,1
DA:42,3
DA:43,2
DA:45,1
DA:46,4
DA:47,11
DA:48,1
DA:50,3
DA:51,2
DA:53,12
DA:59,1
end_of_record
SF:/Users/spencercornish-personal/school/Team2/Monopoly/lib/src/components/computer_player/computer_player.dart
DA:18,1
DA:19,2
DA:24,0
DA:25,0
DA:26,0
DA:30,0
DA:33,0
DA:35,0
DA:36,0
DA:38,0
DA:39,0
DA:41,0
DA:42,0
DA:47,0
DA:49,0
DA:50,0
DA:51,0
DA:52,0
DA:53,0
DA:55,0
DA:56,0
DA:57,0
DA:58,0
DA:59,0
DA:61,0
DA:66,0
DA:67,0
DA:69,0
DA:70,0
DA:73,0
DA:77,0
DA:78,0
DA:79,0
DA:80,0
DA:81,0
DA:82,0
DA:83,0
DA:84,0
DA:85,0
DA:87,0
DA:88,0
DA:89,0
DA:91,0
DA:92,0
end_of_record
SF:/Users/spencercornish-personal/school/Team2/Monopoly/lib/src/components/game_factory/bozeman_game_factory.dart
DA:9,1
end_of_record
SF:/Users/spencercornish-personal/school/Team2/Monopoly/lib/src/components/game_factory/standard_game_factory.dart
DA:9,1
end_of_record
SF:/Users/spencercornish-personal/school/Team2/Monopoly/lib/src/components/player/player.dart
DA:19,1
DA:20,1
DA:21,1
DA:22,0
DA:23,0
DA:24,1
DA:25,1
DA:26,0
DA:27,1
DA:28,1
DA:29,1
DA:32,0
DA:33,0
DA:36,1
DA:37,1
DA:38,2
DA:43,2
DA:44,1
DA:46,1
DA:47,2
DA:49,1
DA:54,1
DA:55,1
DA:56,2
DA:57,2
DA:58,1
DA:61,3
DA:62,0
DA:64,3
DA:65,2
DA:66,0
DA:74,1
DA:75,2
DA:76,3
DA:78,2
DA:79,2
DA:80,2
DA:81,2
DA:82,2
DA:83,1
DA:90,1
DA:91,1
DA:92,4
DA:94,1
DA:95,3
DA:101,1
DA:102,2
DA:104,3
DA:105,1
DA:106,0
DA:109,0
DA:110,0
DA:117,2
DA:118,5
DA:123,1
DA:128,1
DA:129,2
DA:130,2
end_of_record
SF:/Users/spencercornish-personal/school/Team2/Monopoly/lib/src/components/tiles/tile.dart
DA:35,1
DA:36,2
DA:37,2
DA:38,2
DA:39,3
DA:40,3
DA:41,3
DA:42,3
DA:43,3
DA:44,3
DA:45,3
DA:46,3
DA:47,3
DA:48,3
DA:49,4
DA:50,1
DA:51,1
DA:52,1
DA:53,1
DA:54,2
DA:59,1
DA:60,1
DA:61,1
DA:62,1
DA:63,1
DA:64,1
DA:65,1
DA:66,1
DA:67,1
DA:68,1
DA:69,1
DA:71,1
DA:72,1
DA:73,1
DA:74,1
DA:75,1
DA:76,1
DA:77,1
DA:78,1
DA:79,1
DA:80,1
DA:81,1
DA:82,1
DA:86,1
DA:87,2
DA:88,1
DA:92,1
DA:93,1
DA:94,1
DA:95,1
DA:97,1
DA:98,1
DA:102,1
DA:103,1
DA:107,2
DA:108,1
DA:113,1
DA:115,1
DA:116,1
DA:118,2
DA:119,1
DA:120,3
DA:122,2
DA:123,2
DA:124,2
DA:125,2
DA:126,2
DA:127,2
DA:128,2
DA:129,2
DA:130,2
DA:131,2
DA:132,2
DA:136,1
DA:138,2
DA:139,2
DA:140,2
DA:141,1
DA:142,2
DA:143,1
DA:144,2
DA:145,1
DA:149,1
DA:151,2
DA:152,2
DA:153,0
DA:154,0
DA:163,1
end_of_record
SF:/Users/spencercornish-personal/school/Team2/Monopoly/lib/src/components/app/app.dart
DA:15,0
DA:37,0
DA:39,0
DA:53,0
DA:54,0
DA:55,0
DA:56,0
DA:63,0
DA:99,0
DA:100,0
DA:101,0
DA:104,0
DA:106,0
DA:107,0
DA:108,0
DA:109,0
DA:111,0
DA:113,0
DA:114,0
DA:115,0
DA:116,0
DA:122,0
DA:123,0
DA:124,0
DA:125,0
DA:126,0
DA:129,0
DA:130,0
DA:131,0
DA:132,0
DA:133,0
DA:134,0
DA:135,0
DA:136,0
DA:137,0
DA:140,0
DA:141,0
DA:144,0
DA:149,0
DA:150,0
DA:151,0
DA:156,0
DA:158,0
DA:159,0
DA:162,0
DA:165,0
DA:167,0
DA:168,0
DA:171,0
DA:172,0
DA:173,0
DA:174,0
DA:177,0
DA:178,0
DA:179,0
DA:180,0
DA:182,0
DA:183,0
DA:189,0
DA:190,0
DA:191,0
DA:193,0
DA:198,0
DA:200,0
DA:201,0
DA:202,0
DA:203,0
DA:205,0
DA:206,0
DA:207,0
DA:208,0
DA:210,0
DA:211,0
DA:212,0
DA:213,0
DA:215,0
DA:216,0
DA:217,0
DA:218,0
DA:220,0
DA:221,0
DA:222,0
DA:223,0
DA:224,0
DA:226,0
DA:227,0
DA:228,0
DA:229,0
DA:230,0
DA:231,0
DA:233,0
DA:234,0
DA:235,0
DA:236,0
DA:237,0
DA:238,0
DA:240,0
DA:241,0
DA:242,0
DA:243,0
DA:244,0
DA:245,0
DA:247,0
DA:248,0
DA:249,0
DA:250,0
DA:251,0
DA:252,0
DA:254,0
DA:255,0
DA:256,0
DA:257,0
DA:258,0
DA:259,0
DA:261,0
DA:262,0
DA:263,0
DA:264,0
DA:265,0
DA:266,0
DA:268,0
DA:269,0
DA:270,0
DA:271,0
DA:272,0
DA:273,0
DA:275,0
DA:276,0
DA:277,0
DA:278,0
DA:282,0
DA:294,0
DA:296,0
DA:297,0
DA:298,0
DA:299,0
DA:300,0
DA:301,0
DA:302,0
DA:303,0
DA:308,0
DA:309,0
DA:310,0
DA:311,0
DA:313,0
DA:316,0
DA:317,0
DA:318,0
DA:320,0
DA:321,0
DA:326,0
DA:327,0
DA:328,0
DA:329,0
DA:330,0
DA:331,0
DA:332,0
DA:333,0
DA:335,0
DA:336,0
DA:339,0
DA:340,0
DA:343,0
DA:344,0
DA:345,0
DA:346,0
DA:347,0
DA:348,0
DA:349,0
DA:351,0
DA:352,0
DA:353,0
DA:354,0
DA:357,0
DA:358,0
DA:359,0
DA:364,0
DA:365,0
DA:366,0
DA:367,0
DA:369,0
DA:372,0
DA:373,0
DA:374,0
DA:376,0
DA:377,0
DA:382,0
DA:383,0
DA:384,0
DA:385,0
DA:386,0
DA:389,0
DA:390,0
DA:395,0
DA:401,0
DA:403,0
DA:406,0
DA:408,0
DA:412,0
DA:413,0
DA:414,0
DA:415,0
DA:417,0
DA:420,0
DA:423,0
DA:424,0
DA:429,0
DA:435,0
DA:436,0
DA:438,0
DA:439,0
DA:442,0
DA:443,0
DA:445,0
DA:446,0
DA:449,0
DA:450,0
DA:451,0
DA:452,0
DA:453,0
DA:455,0
DA:456,0
DA:463,0
DA:464,0
DA:465,0
DA:467,0
DA:468,0
DA:469,0
DA:470,0
DA:473,0
DA:474,0
DA:475,0
DA:476,0
DA:479,0
DA:480,0
DA:481,0
DA:484,0
DA:486,0
DA:491,0
DA:492,0
DA:493,0
DA:494,0
DA:495,0
DA:496,0
DA:497,0
DA:498,0
DA:499,0
DA:500,0
DA:501,0
DA:502,0
DA:504,0
DA:505,0
DA:507,0
DA:508,0
DA:509,0
DA:511,0
DA:512,0
DA:515,0
DA:519,0
DA:520,0
DA:521,0
DA:526,0
DA:527,0
DA:528,0
DA:529,0
DA:530,0
DA:535,0
DA:536,0
DA:537,0
DA:538,0
DA:544,0
DA:545,0
DA:547,0
DA:552,0
DA:553,0
DA:554,0
DA:555,0
DA:558,0
DA:561,0
DA:566,0
DA:567,0
DA:568,0
DA:570,0
DA:571,0
DA:573,0
DA:578,0
DA:579,0
DA:580,0
DA:582,0
DA:583,0
DA:585,0
DA:594,0
DA:595,0
DA:596,0
DA:597,0
DA:598,0
DA:599,0
DA:604,0
DA:605,0
DA:606,0
DA:607,0
DA:608,0
DA:609,0
DA:614,0
DA:615,0
DA:616,0
DA:617,0
DA:618,0
DA:619,0
DA:624,0
DA:625,0
DA:626,0
DA:627,0
DA:628,0
DA:629,0
end_of_record
SF:/Users/spencercornish-personal/school/Team2/Monopoly/lib/src/components/renderer/renderer.dart
DA:21,0
DA:23,0
DA:24,0
DA:26,0
DA:27,0
DA:30,0
DA:31,0
DA:33,0
DA:34,0
DA:39,0
DA:40,0
DA:41,0
DA:42,0
DA:43,0
DA:45,0
DA:46,0
DA:49,0
DA:50,0
DA:51,0
DA:52,0
DA:53,0
DA:54,0
DA:55,0
DA:60,0
DA:61,0
DA:62,0
DA:68,0
DA:72,0
DA:73,0
DA:79,0
DA:80,0
DA:81,0
DA:84,0
DA:85,0
DA:88,0
DA:89,0
DA:90,0
DA:91,0
DA:92,0
DA:93,0
DA:94,0
DA:95,0
DA:96,0
DA:97,0
DA:98,0
DA:104,0
DA:105,0
DA:106,0
DA:107,0
DA:109,0
DA:110,0
DA:113,0
DA:114,0
DA:115,0
DA:116,0
DA:120,0
DA:121,0
DA:122,0
DA:123,0
DA:124,0
DA:127,0
DA:128,0
DA:131,0
DA:132,0
DA:133,0
DA:135,0
DA:136,0
DA:137,0
DA:146,0
DA:147,0
DA:148,0
DA:149,0
DA:150,0
DA:151,0
DA:153,0
DA:154,0
DA:155,0
DA:159,0
DA:160,0
DA:161,0
DA:162,0
DA:163,0
DA:165,0
DA:166,0
DA:167,0
DA:168,0
DA:169,0
DA:171,0
DA:172,0
DA:173,0
DA:175,0
DA:177,0
end_of_record
SF:/Users/spencercornish-personal/school/Team2/Monopoly/lib/src/components/modal_builder/modal_builder.dart
DA:40,0
DA:41,0
DA:44,0
DA:47,0
DA:50,0
DA:53,0
DA:54,0
DA:58,0
DA:59,0
DA:60,0
DA:61,0
DA:62,0
DA:63,0
DA:65,0
DA:66,0
DA:69,0
DA:70,0
DA:73,0
DA:74,0
DA:79,0
DA:81,0
DA:83,0
DA:86,0
DA:89,0
DA:90,0
DA:91,0
DA:92,0
DA:93,0
DA:94,0
DA:95,0
DA:96,0
DA:97,0
DA:100,0
DA:103,0
DA:105,0
DA:106,0
DA:108,0
DA:110,0
DA:113,0
DA:115,0
DA:118,0
DA:119,0
DA:128,0
DA:137,0
DA:138,0
DA:141,0
DA:142,0
DA:145,0
DA:146,0
DA:147,0
DA:148,0
DA:149,0
DA:151,0
DA:152,0
DA:153,0
DA:154,0
DA:159,0
DA:160,0
DA:161,0
DA:162,0
DA:166,0
DA:167,0
DA:168,0
DA:169,0
DA:170,0
DA:175,0
DA:176,0
DA:177,0
DA:178,0
DA:180,0
DA:183,0
DA:184,0
DA:185,0
DA:186,0
DA:188,0
DA:189,0
DA:193,0
DA:197,0
DA:198,0
DA:199,0
DA:201,0
DA:202,0
DA:205,0
DA:207,0
DA:210,0
DA:211,0
DA:212,0
DA:216,0
DA:217,0
DA:218,0
DA:219,0
DA:224,0
DA:225,0
end_of_record
